\BOOKMARK [1][-]{section.1}{Introduction}{}% 1
\BOOKMARK [1][-]{section.2}{Motivation and Background}{}% 2
\BOOKMARK [1][-]{section.3}{Overview of Sensibility Testbed}{}% 3
\BOOKMARK [2][-]{subsection.3.1}{Design Principles}{section.3}% 4
\BOOKMARK [2][-]{subsection.3.2}{Testbed Operation}{section.3}% 5
\BOOKMARK [3][-]{subsubsection.3.2.1}{Clearinghouse tracks devices}{subsection.3.2}% 6
\BOOKMARK [3][-]{subsubsection.3.2.2}{Researcher registers experiment and provides IRB policies}{subsection.3.2}% 7
\BOOKMARK [1][-]{section.4}{Sensibility Testbed Architecture}{}% 8
\BOOKMARK [2][-]{subsection.4.1}{Device Software}{section.4}% 9
\BOOKMARK [3][-]{subsubsection.4.1.1}{Secure Sandbox}{subsection.4.1}% 10
\BOOKMARK [3][-]{subsubsection.4.1.2}{Resource Manager}{subsection.4.1}% 11
\BOOKMARK [3][-]{subsubsection.4.1.3}{Device Manager}{subsection.4.1}% 12
\BOOKMARK [2][-]{subsection.4.2}{Clearinghouse}{section.4}% 13
\BOOKMARK [2][-]{subsection.4.3}{Experiment Manager}{section.4}% 14
\BOOKMARK [1][-]{section.5}{Implementation}{}% 15
\BOOKMARK [2][-]{subsection.5.1}{Policy Enforcement}{section.5}% 16
\BOOKMARK [3][-]{subsubsection.5.1.1}{Reducing Data Precision}{subsection.5.1}% 17
\BOOKMARK [3][-]{subsubsection.5.1.2}{Restricting Data Access Frequency}{subsection.5.1}% 18
\BOOKMARK [2][-]{subsection.5.2}{Resource Manager and Device Manager}{section.5}% 19
\BOOKMARK [2][-]{subsection.5.3}{Clearinghouse}{section.5}% 20
\BOOKMARK [2][-]{subsection.5.4}{Experiment Manager}{section.5}% 21
\BOOKMARK [1][-]{section.6}{Example Scenario}{}% 22
\BOOKMARK [1][-]{section.7}{Evaluation}{}% 23
\BOOKMARK [2][-]{subsection.7.1}{Sensibility Testbed's Privacy Policies}{section.7}% 24
\BOOKMARK [2][-]{subsection.7.2}{Privacy Protection and Experiment Functionality}{section.7}% 25
\BOOKMARK [2][-]{subsection.7.3}{Microbenchmarks}{section.7}% 26
\BOOKMARK [2][-]{subsection.7.4}{Experience Using Sensibility}{section.7}% 27
\BOOKMARK [2][-]{subsection.7.5}{Experience Implementing Policies}{section.7}% 28
\BOOKMARK [1][-]{section.8}{Practical Challenges and Limitations}{}% 29
\BOOKMARK [2][-]{subsection.8.1}{Limitations}{section.8}% 30
\BOOKMARK [2][-]{subsection.8.2}{Challenges}{section.8}% 31
\BOOKMARK [1][-]{section.9}{Related Work}{}% 32
\BOOKMARK [1][-]{section.10}{Conclusion}{}% 33
